  AVR-Emulator.cpp
D:\DOCUMENTS\GitHub\AVR-microPC\AVR-Emulator\AVR-Emulator\AVR-Emulator.cpp(129,21): warning C4244: '=' : conversion de 'uint16_t' en 'uint8_t', perte possible de données
D:\DOCUMENTS\GitHub\AVR-microPC\AVR-Emulator\AVR-Emulator\AVR-Emulator.cpp(170,31): warning C4805: '^' : mélange risqué de type 'bool' et de type 'int' dans l'opération
D:\DOCUMENTS\GitHub\AVR-microPC\AVR-Emulator\AVR-Emulator\AVR-Emulator.cpp(621,44): warning C4554: '<<' : vérifiez si la priorité des opérateurs n'est pas une cause possible d'erreur ; utilisez des parenthèses pour rendre les priorités plus claires
D:\DOCUMENTS\GitHub\AVR-microPC\AVR-Emulator\AVR-Emulator\AVR-Emulator.cpp(626,44): warning C4554: '<<' : vérifiez si la priorité des opérateurs n'est pas une cause possible d'erreur ; utilisez des parenthèses pour rendre les priorités plus claires
D:\DOCUMENTS\GitHub\AVR-microPC\AVR-Emulator\AVR-Emulator\AVR-Emulator.cpp(679,59): warning C4554: '<<' : vérifiez si la priorité des opérateurs n'est pas une cause possible d'erreur ; utilisez des parenthèses pour rendre les priorités plus claires
D:\DOCUMENTS\GitHub\AVR-microPC\AVR-Emulator\AVR-Emulator\AVR-Emulator.cpp(685,59): warning C4554: '<<' : vérifiez si la priorité des opérateurs n'est pas une cause possible d'erreur ; utilisez des parenthèses pour rendre les priorités plus claires
D:\DOCUMENTS\GitHub\AVR-microPC\AVR-Emulator\AVR-Emulator\AVR-Emulator.cpp(692,59): warning C4554: '<<' : vérifiez si la priorité des opérateurs n'est pas une cause possible d'erreur ; utilisez des parenthèses pour rendre les priorités plus claires
D:\DOCUMENTS\GitHub\AVR-microPC\AVR-Emulator\AVR-Emulator\AVR-Emulator.cpp(699,59): warning C4554: '<<' : vérifiez si la priorité des opérateurs n'est pas une cause possible d'erreur ; utilisez des parenthèses pour rendre les priorités plus claires
D:\DOCUMENTS\GitHub\AVR-microPC\AVR-Emulator\AVR-Emulator\AVR-Emulator.cpp(705,59): warning C4554: '<<' : vérifiez si la priorité des opérateurs n'est pas une cause possible d'erreur ; utilisez des parenthèses pour rendre les priorités plus claires
D:\DOCUMENTS\GitHub\AVR-microPC\AVR-Emulator\AVR-Emulator\AVR-Emulator.cpp(712,59): warning C4554: '<<' : vérifiez si la priorité des opérateurs n'est pas une cause possible d'erreur ; utilisez des parenthèses pour rendre les priorités plus claires
D:\DOCUMENTS\GitHub\AVR-microPC\AVR-Emulator\AVR-Emulator\AVR-Emulator.cpp(719,59): warning C4554: '<<' : vérifiez si la priorité des opérateurs n'est pas une cause possible d'erreur ; utilisez des parenthèses pour rendre les priorités plus claires
D:\DOCUMENTS\GitHub\AVR-microPC\AVR-Emulator\AVR-Emulator\AVR-Emulator.cpp(725,59): warning C4554: '<<' : vérifiez si la priorité des opérateurs n'est pas une cause possible d'erreur ; utilisez des parenthèses pour rendre les priorités plus claires
D:\DOCUMENTS\GitHub\AVR-microPC\AVR-Emulator\AVR-Emulator\AVR-Emulator.cpp(732,59): warning C4554: '<<' : vérifiez si la priorité des opérateurs n'est pas une cause possible d'erreur ; utilisez des parenthèses pour rendre les priorités plus claires
D:\DOCUMENTS\GitHub\AVR-microPC\AVR-Emulator\AVR-Emulator\AVR-Emulator.cpp(754,31): warning C4805: '^' : mélange risqué de type 'bool' et de type 'int' dans l'opération
D:\DOCUMENTS\GitHub\AVR-microPC\AVR-Emulator\AVR-Emulator\AVR-Emulator.cpp(766,31): warning C4805: '^' : mélange risqué de type 'bool' et de type 'int' dans l'opération
D:\DOCUMENTS\GitHub\AVR-microPC\AVR-Emulator\AVR-Emulator\AVR-Emulator.cpp(778,61): warning C4554: '<<' : vérifiez si la priorité des opérateurs n'est pas une cause possible d'erreur ; utilisez des parenthèses pour rendre les priorités plus claires
D:\DOCUMENTS\GitHub\AVR-microPC\AVR-Emulator\AVR-Emulator\AVR-Emulator.cpp(905,38): warning C4805: '|' : mélange risqué de type 'int' et de type 'bool' dans l'opération
D:\DOCUMENTS\GitHub\AVR-microPC\AVR-Emulator\AVR-Emulator\AVR-Emulator.cpp(910,31): warning C4805: '^' : mélange risqué de type 'bool' et de type 'int' dans l'opération
D:\DOCUMENTS\GitHub\AVR-microPC\AVR-Emulator\AVR-Emulator\AVR-Emulator.cpp(922,31): warning C4805: '^' : mélange risqué de type 'bool' et de type 'int' dans l'opération
D:\DOCUMENTS\GitHub\AVR-microPC\AVR-Emulator\AVR-Emulator\AVR-Emulator.cpp(1075,43): warning C4554: '<<' : vérifiez si la priorité des opérateurs n'est pas une cause possible d'erreur ; utilisez des parenthèses pour rendre les priorités plus claires
D:\DOCUMENTS\GitHub\AVR-microPC\AVR-Emulator\AVR-Emulator\AVR-Emulator.cpp(1081,43): warning C4554: '<<' : vérifiez si la priorité des opérateurs n'est pas une cause possible d'erreur ; utilisez des parenthèses pour rendre les priorités plus claires
D:\DOCUMENTS\GitHub\AVR-microPC\AVR-Emulator\AVR-Emulator\AVR-Emulator.cpp(1088,43): warning C4554: '<<' : vérifiez si la priorité des opérateurs n'est pas une cause possible d'erreur ; utilisez des parenthèses pour rendre les priorités plus claires
D:\DOCUMENTS\GitHub\AVR-microPC\AVR-Emulator\AVR-Emulator\AVR-Emulator.cpp(1095,43): warning C4554: '<<' : vérifiez si la priorité des opérateurs n'est pas une cause possible d'erreur ; utilisez des parenthèses pour rendre les priorités plus claires
D:\DOCUMENTS\GitHub\AVR-microPC\AVR-Emulator\AVR-Emulator\AVR-Emulator.cpp(1101,43): warning C4554: '<<' : vérifiez si la priorité des opérateurs n'est pas une cause possible d'erreur ; utilisez des parenthèses pour rendre les priorités plus claires
D:\DOCUMENTS\GitHub\AVR-microPC\AVR-Emulator\AVR-Emulator\AVR-Emulator.cpp(1108,43): warning C4554: '<<' : vérifiez si la priorité des opérateurs n'est pas une cause possible d'erreur ; utilisez des parenthèses pour rendre les priorités plus claires
D:\DOCUMENTS\GitHub\AVR-microPC\AVR-Emulator\AVR-Emulator\AVR-Emulator.cpp(1115,43): warning C4554: '<<' : vérifiez si la priorité des opérateurs n'est pas une cause possible d'erreur ; utilisez des parenthèses pour rendre les priorités plus claires
D:\DOCUMENTS\GitHub\AVR-microPC\AVR-Emulator\AVR-Emulator\AVR-Emulator.cpp(1121,43): warning C4554: '<<' : vérifiez si la priorité des opérateurs n'est pas une cause possible d'erreur ; utilisez des parenthèses pour rendre les priorités plus claires
D:\DOCUMENTS\GitHub\AVR-microPC\AVR-Emulator\AVR-Emulator\AVR-Emulator.cpp(1128,43): warning C4554: '<<' : vérifiez si la priorité des opérateurs n'est pas une cause possible d'erreur ; utilisez des parenthèses pour rendre les priorités plus claires
MSVCRTD.lib(exe_main.obj) : error LNK2019: symbole externe non résolu _main référencé dans la fonction "int __cdecl invoke_main(void)" (?invoke_main@@YAHXZ)
D:\DOCUMENTS\GitHub\AVR-microPC\AVR-Emulator\AVR-Emulator\..\SDL2\lib\x64\SDL2.lib : warning LNK4272: type d'ordinateur bibliothèque 'x64' en conflit avec le type d'ordinateur cible 'x86'
D:\DOCUMENTS\GitHub\AVR-microPC\AVR-Emulator\AVR-Emulator\..\SDL2\lib\x64\SDL2main.lib : warning LNK4272: type d'ordinateur bibliothèque 'x64' en conflit avec le type d'ordinateur cible 'x86'
D:\DOCUMENTS\GitHub\AVR-microPC\AVR-Emulator\Debug\AVR-Emulator.exe : fatal error LNK1120: 1 externes non résolus
