  AVR-Emulator.cpp
D:\DOCUMENTS\GitHub\AVR-microPC\AVR-Emulator\AVR-Emulator\AVR-Emulator.cpp(162,21): warning C4244: '=' : conversion de 'uint16_t' en 'uint8_t', perte possible de données
D:\DOCUMENTS\GitHub\AVR-microPC\AVR-Emulator\AVR-Emulator\AVR-Emulator.cpp(203,31): warning C4805: '^' : mélange risqué de type 'bool' et de type 'int' dans l'opération
D:\DOCUMENTS\GitHub\AVR-microPC\AVR-Emulator\AVR-Emulator\AVR-Emulator.cpp(654,44): warning C4554: '<<' : vérifiez si la priorité des opérateurs n'est pas une cause possible d'erreur ; utilisez des parenthèses pour rendre les priorités plus claires
D:\DOCUMENTS\GitHub\AVR-microPC\AVR-Emulator\AVR-Emulator\AVR-Emulator.cpp(659,44): warning C4554: '<<' : vérifiez si la priorité des opérateurs n'est pas une cause possible d'erreur ; utilisez des parenthèses pour rendre les priorités plus claires
D:\DOCUMENTS\GitHub\AVR-microPC\AVR-Emulator\AVR-Emulator\AVR-Emulator.cpp(712,59): warning C4554: '<<' : vérifiez si la priorité des opérateurs n'est pas une cause possible d'erreur ; utilisez des parenthèses pour rendre les priorités plus claires
D:\DOCUMENTS\GitHub\AVR-microPC\AVR-Emulator\AVR-Emulator\AVR-Emulator.cpp(718,59): warning C4554: '<<' : vérifiez si la priorité des opérateurs n'est pas une cause possible d'erreur ; utilisez des parenthèses pour rendre les priorités plus claires
D:\DOCUMENTS\GitHub\AVR-microPC\AVR-Emulator\AVR-Emulator\AVR-Emulator.cpp(725,59): warning C4554: '<<' : vérifiez si la priorité des opérateurs n'est pas une cause possible d'erreur ; utilisez des parenthèses pour rendre les priorités plus claires
D:\DOCUMENTS\GitHub\AVR-microPC\AVR-Emulator\AVR-Emulator\AVR-Emulator.cpp(732,59): warning C4554: '<<' : vérifiez si la priorité des opérateurs n'est pas une cause possible d'erreur ; utilisez des parenthèses pour rendre les priorités plus claires
D:\DOCUMENTS\GitHub\AVR-microPC\AVR-Emulator\AVR-Emulator\AVR-Emulator.cpp(738,59): warning C4554: '<<' : vérifiez si la priorité des opérateurs n'est pas une cause possible d'erreur ; utilisez des parenthèses pour rendre les priorités plus claires
D:\DOCUMENTS\GitHub\AVR-microPC\AVR-Emulator\AVR-Emulator\AVR-Emulator.cpp(745,59): warning C4554: '<<' : vérifiez si la priorité des opérateurs n'est pas une cause possible d'erreur ; utilisez des parenthèses pour rendre les priorités plus claires
D:\DOCUMENTS\GitHub\AVR-microPC\AVR-Emulator\AVR-Emulator\AVR-Emulator.cpp(752,59): warning C4554: '<<' : vérifiez si la priorité des opérateurs n'est pas une cause possible d'erreur ; utilisez des parenthèses pour rendre les priorités plus claires
D:\DOCUMENTS\GitHub\AVR-microPC\AVR-Emulator\AVR-Emulator\AVR-Emulator.cpp(758,59): warning C4554: '<<' : vérifiez si la priorité des opérateurs n'est pas une cause possible d'erreur ; utilisez des parenthèses pour rendre les priorités plus claires
D:\DOCUMENTS\GitHub\AVR-microPC\AVR-Emulator\AVR-Emulator\AVR-Emulator.cpp(765,59): warning C4554: '<<' : vérifiez si la priorité des opérateurs n'est pas une cause possible d'erreur ; utilisez des parenthèses pour rendre les priorités plus claires
D:\DOCUMENTS\GitHub\AVR-microPC\AVR-Emulator\AVR-Emulator\AVR-Emulator.cpp(787,31): warning C4805: '^' : mélange risqué de type 'bool' et de type 'int' dans l'opération
D:\DOCUMENTS\GitHub\AVR-microPC\AVR-Emulator\AVR-Emulator\AVR-Emulator.cpp(799,31): warning C4805: '^' : mélange risqué de type 'bool' et de type 'int' dans l'opération
D:\DOCUMENTS\GitHub\AVR-microPC\AVR-Emulator\AVR-Emulator\AVR-Emulator.cpp(811,61): warning C4554: '<<' : vérifiez si la priorité des opérateurs n'est pas une cause possible d'erreur ; utilisez des parenthèses pour rendre les priorités plus claires
D:\DOCUMENTS\GitHub\AVR-microPC\AVR-Emulator\AVR-Emulator\AVR-Emulator.cpp(938,38): warning C4805: '|' : mélange risqué de type 'int' et de type 'bool' dans l'opération
D:\DOCUMENTS\GitHub\AVR-microPC\AVR-Emulator\AVR-Emulator\AVR-Emulator.cpp(943,31): warning C4805: '^' : mélange risqué de type 'bool' et de type 'int' dans l'opération
D:\DOCUMENTS\GitHub\AVR-microPC\AVR-Emulator\AVR-Emulator\AVR-Emulator.cpp(955,31): warning C4805: '^' : mélange risqué de type 'bool' et de type 'int' dans l'opération
D:\DOCUMENTS\GitHub\AVR-microPC\AVR-Emulator\AVR-Emulator\AVR-Emulator.cpp(1108,43): warning C4554: '<<' : vérifiez si la priorité des opérateurs n'est pas une cause possible d'erreur ; utilisez des parenthèses pour rendre les priorités plus claires
D:\DOCUMENTS\GitHub\AVR-microPC\AVR-Emulator\AVR-Emulator\AVR-Emulator.cpp(1114,43): warning C4554: '<<' : vérifiez si la priorité des opérateurs n'est pas une cause possible d'erreur ; utilisez des parenthèses pour rendre les priorités plus claires
D:\DOCUMENTS\GitHub\AVR-microPC\AVR-Emulator\AVR-Emulator\AVR-Emulator.cpp(1121,43): warning C4554: '<<' : vérifiez si la priorité des opérateurs n'est pas une cause possible d'erreur ; utilisez des parenthèses pour rendre les priorités plus claires
D:\DOCUMENTS\GitHub\AVR-microPC\AVR-Emulator\AVR-Emulator\AVR-Emulator.cpp(1128,43): warning C4554: '<<' : vérifiez si la priorité des opérateurs n'est pas une cause possible d'erreur ; utilisez des parenthèses pour rendre les priorités plus claires
D:\DOCUMENTS\GitHub\AVR-microPC\AVR-Emulator\AVR-Emulator\AVR-Emulator.cpp(1134,43): warning C4554: '<<' : vérifiez si la priorité des opérateurs n'est pas une cause possible d'erreur ; utilisez des parenthèses pour rendre les priorités plus claires
D:\DOCUMENTS\GitHub\AVR-microPC\AVR-Emulator\AVR-Emulator\AVR-Emulator.cpp(1141,43): warning C4554: '<<' : vérifiez si la priorité des opérateurs n'est pas une cause possible d'erreur ; utilisez des parenthèses pour rendre les priorités plus claires
D:\DOCUMENTS\GitHub\AVR-microPC\AVR-Emulator\AVR-Emulator\AVR-Emulator.cpp(1148,43): warning C4554: '<<' : vérifiez si la priorité des opérateurs n'est pas une cause possible d'erreur ; utilisez des parenthèses pour rendre les priorités plus claires
D:\DOCUMENTS\GitHub\AVR-microPC\AVR-Emulator\AVR-Emulator\AVR-Emulator.cpp(1154,43): warning C4554: '<<' : vérifiez si la priorité des opérateurs n'est pas une cause possible d'erreur ; utilisez des parenthèses pour rendre les priorités plus claires
D:\DOCUMENTS\GitHub\AVR-microPC\AVR-Emulator\AVR-Emulator\AVR-Emulator.cpp(1161,43): warning C4554: '<<' : vérifiez si la priorité des opérateurs n'est pas une cause possible d'erreur ; utilisez des parenthèses pour rendre les priorités plus claires
  Génération de code en cours
  3 of 136 functions ( 2.2%) were compiled, the rest were copied from previous compilation.
    0 functions were new in current compilation
    1 functions had inline decision re-evaluated but remain unchanged
  Fin de la génération du code
  AVR-Emulator.vcxproj -> D:\DOCUMENTS\GitHub\AVR-microPC\AVR-Emulator\x64\Release\AVR-Emulator.exe
