  AVR-Emulator.cpp
C:\Users\rapha\OneDrive\Documents\GitHub\AVR-microPC\AVR-Emulator\AVR-Emulator\AVR-Emulator.cpp(173,21): warning C4244: '=' : conversion de 'uint16_t' en 'uint8_t', perte possible de données
C:\Users\rapha\OneDrive\Documents\GitHub\AVR-microPC\AVR-Emulator\AVR-Emulator\AVR-Emulator.cpp(214,31): warning C4805: '^' : mélange risqué de type 'bool' et de type 'int' dans l'opération
C:\Users\rapha\OneDrive\Documents\GitHub\AVR-microPC\AVR-Emulator\AVR-Emulator\AVR-Emulator.cpp(666,44): warning C4554: '<<' : vérifiez si la priorité des opérateurs n'est pas une cause possible d'erreur ; utilisez des parenthèses pour rendre les priorités plus claires
C:\Users\rapha\OneDrive\Documents\GitHub\AVR-microPC\AVR-Emulator\AVR-Emulator\AVR-Emulator.cpp(671,44): warning C4554: '<<' : vérifiez si la priorité des opérateurs n'est pas une cause possible d'erreur ; utilisez des parenthèses pour rendre les priorités plus claires
C:\Users\rapha\OneDrive\Documents\GitHub\AVR-microPC\AVR-Emulator\AVR-Emulator\AVR-Emulator.cpp(724,59): warning C4554: '<<' : vérifiez si la priorité des opérateurs n'est pas une cause possible d'erreur ; utilisez des parenthèses pour rendre les priorités plus claires
C:\Users\rapha\OneDrive\Documents\GitHub\AVR-microPC\AVR-Emulator\AVR-Emulator\AVR-Emulator.cpp(730,59): warning C4554: '<<' : vérifiez si la priorité des opérateurs n'est pas une cause possible d'erreur ; utilisez des parenthèses pour rendre les priorités plus claires
C:\Users\rapha\OneDrive\Documents\GitHub\AVR-microPC\AVR-Emulator\AVR-Emulator\AVR-Emulator.cpp(737,59): warning C4554: '<<' : vérifiez si la priorité des opérateurs n'est pas une cause possible d'erreur ; utilisez des parenthèses pour rendre les priorités plus claires
C:\Users\rapha\OneDrive\Documents\GitHub\AVR-microPC\AVR-Emulator\AVR-Emulator\AVR-Emulator.cpp(744,59): warning C4554: '<<' : vérifiez si la priorité des opérateurs n'est pas une cause possible d'erreur ; utilisez des parenthèses pour rendre les priorités plus claires
C:\Users\rapha\OneDrive\Documents\GitHub\AVR-microPC\AVR-Emulator\AVR-Emulator\AVR-Emulator.cpp(750,59): warning C4554: '<<' : vérifiez si la priorité des opérateurs n'est pas une cause possible d'erreur ; utilisez des parenthèses pour rendre les priorités plus claires
C:\Users\rapha\OneDrive\Documents\GitHub\AVR-microPC\AVR-Emulator\AVR-Emulator\AVR-Emulator.cpp(757,59): warning C4554: '<<' : vérifiez si la priorité des opérateurs n'est pas une cause possible d'erreur ; utilisez des parenthèses pour rendre les priorités plus claires
C:\Users\rapha\OneDrive\Documents\GitHub\AVR-microPC\AVR-Emulator\AVR-Emulator\AVR-Emulator.cpp(764,59): warning C4554: '<<' : vérifiez si la priorité des opérateurs n'est pas une cause possible d'erreur ; utilisez des parenthèses pour rendre les priorités plus claires
C:\Users\rapha\OneDrive\Documents\GitHub\AVR-microPC\AVR-Emulator\AVR-Emulator\AVR-Emulator.cpp(770,59): warning C4554: '<<' : vérifiez si la priorité des opérateurs n'est pas une cause possible d'erreur ; utilisez des parenthèses pour rendre les priorités plus claires
C:\Users\rapha\OneDrive\Documents\GitHub\AVR-microPC\AVR-Emulator\AVR-Emulator\AVR-Emulator.cpp(777,59): warning C4554: '<<' : vérifiez si la priorité des opérateurs n'est pas une cause possible d'erreur ; utilisez des parenthèses pour rendre les priorités plus claires
C:\Users\rapha\OneDrive\Documents\GitHub\AVR-microPC\AVR-Emulator\AVR-Emulator\AVR-Emulator.cpp(799,31): warning C4805: '^' : mélange risqué de type 'bool' et de type 'int' dans l'opération
C:\Users\rapha\OneDrive\Documents\GitHub\AVR-microPC\AVR-Emulator\AVR-Emulator\AVR-Emulator.cpp(811,31): warning C4805: '^' : mélange risqué de type 'bool' et de type 'int' dans l'opération
C:\Users\rapha\OneDrive\Documents\GitHub\AVR-microPC\AVR-Emulator\AVR-Emulator\AVR-Emulator.cpp(823,61): warning C4554: '<<' : vérifiez si la priorité des opérateurs n'est pas une cause possible d'erreur ; utilisez des parenthèses pour rendre les priorités plus claires
C:\Users\rapha\OneDrive\Documents\GitHub\AVR-microPC\AVR-Emulator\AVR-Emulator\AVR-Emulator.cpp(950,38): warning C4805: '|' : mélange risqué de type 'int' et de type 'bool' dans l'opération
C:\Users\rapha\OneDrive\Documents\GitHub\AVR-microPC\AVR-Emulator\AVR-Emulator\AVR-Emulator.cpp(955,31): warning C4805: '^' : mélange risqué de type 'bool' et de type 'int' dans l'opération
C:\Users\rapha\OneDrive\Documents\GitHub\AVR-microPC\AVR-Emulator\AVR-Emulator\AVR-Emulator.cpp(967,31): warning C4805: '^' : mélange risqué de type 'bool' et de type 'int' dans l'opération
C:\Users\rapha\OneDrive\Documents\GitHub\AVR-microPC\AVR-Emulator\AVR-Emulator\AVR-Emulator.cpp(1120,43): warning C4554: '<<' : vérifiez si la priorité des opérateurs n'est pas une cause possible d'erreur ; utilisez des parenthèses pour rendre les priorités plus claires
C:\Users\rapha\OneDrive\Documents\GitHub\AVR-microPC\AVR-Emulator\AVR-Emulator\AVR-Emulator.cpp(1126,43): warning C4554: '<<' : vérifiez si la priorité des opérateurs n'est pas une cause possible d'erreur ; utilisez des parenthèses pour rendre les priorités plus claires
C:\Users\rapha\OneDrive\Documents\GitHub\AVR-microPC\AVR-Emulator\AVR-Emulator\AVR-Emulator.cpp(1133,43): warning C4554: '<<' : vérifiez si la priorité des opérateurs n'est pas une cause possible d'erreur ; utilisez des parenthèses pour rendre les priorités plus claires
C:\Users\rapha\OneDrive\Documents\GitHub\AVR-microPC\AVR-Emulator\AVR-Emulator\AVR-Emulator.cpp(1140,43): warning C4554: '<<' : vérifiez si la priorité des opérateurs n'est pas une cause possible d'erreur ; utilisez des parenthèses pour rendre les priorités plus claires
C:\Users\rapha\OneDrive\Documents\GitHub\AVR-microPC\AVR-Emulator\AVR-Emulator\AVR-Emulator.cpp(1146,43): warning C4554: '<<' : vérifiez si la priorité des opérateurs n'est pas une cause possible d'erreur ; utilisez des parenthèses pour rendre les priorités plus claires
C:\Users\rapha\OneDrive\Documents\GitHub\AVR-microPC\AVR-Emulator\AVR-Emulator\AVR-Emulator.cpp(1153,43): warning C4554: '<<' : vérifiez si la priorité des opérateurs n'est pas une cause possible d'erreur ; utilisez des parenthèses pour rendre les priorités plus claires
C:\Users\rapha\OneDrive\Documents\GitHub\AVR-microPC\AVR-Emulator\AVR-Emulator\AVR-Emulator.cpp(1160,43): warning C4554: '<<' : vérifiez si la priorité des opérateurs n'est pas une cause possible d'erreur ; utilisez des parenthèses pour rendre les priorités plus claires
C:\Users\rapha\OneDrive\Documents\GitHub\AVR-microPC\AVR-Emulator\AVR-Emulator\AVR-Emulator.cpp(1166,43): warning C4554: '<<' : vérifiez si la priorité des opérateurs n'est pas une cause possible d'erreur ; utilisez des parenthèses pour rendre les priorités plus claires
C:\Users\rapha\OneDrive\Documents\GitHub\AVR-microPC\AVR-Emulator\AVR-Emulator\AVR-Emulator.cpp(1173,43): warning C4554: '<<' : vérifiez si la priorité des opérateurs n'est pas une cause possible d'erreur ; utilisez des parenthèses pour rendre les priorités plus claires
  AVR-Emulator.vcxproj -> C:\Users\rapha\OneDrive\Documents\GitHub\AVR-microPC\AVR-Emulator\x64\Debug\AVR-Emulator.exe
